  Building GameAssembly.dll with MsvcWinRtToolChain
  	Msvc Install Version: 15.0
  	Msvc Install SDK Directory: C:\Program Files (x86)\Windows Kits\10
  	Msvc Linker Path: C:\Program Files (x86)\Microsoft Visual Studio\2019\Community\VC\Tools\MSVC\14.23.28105\bin\HostX64\x86\link.exe
  	Msvc Compiler Path: C:\Program Files (x86)\Microsoft Visual Studio\2019\Community\VC\Tools\MSVC\14.23.28105\bin\HostX64\x86\cl.exe
  
  	Output directory: C:\Users\biosim\Documents\ISAACS Fall 2019\Rad_Viz\Withgameobject\build\bin\Win32\Release
  	Cache directory: C:\Users\biosim\Documents\ISAACS Fall 2019\Rad_Viz\Withgameobject\build\obj\il2cppOutputProject\Win32\Release
  Il2CppGenericMethodTable.c
  Il2CppGenericMethodDefinitions.c
  Il2CppGenericClassTable.c
  Il2CppInteropDataTable.cpp
  mscorlib_CodeGen.c
  Il2CppGenericMethodPointerTable.cpp
  Il2CppMetadataUsage.c
  Il2CppCompilerCalculateTypeValues1.cpp
  Il2CppCompilerCalculateTypeValues2.cpp
  GenericMethods8.cpp
  Microsoft.MixedReality.Toolkit.SDK1.cpp
  Il2CppCompilerCalculateTypeValues.cpp
  GenericMethods1.cpp
  GenericMethods5.cpp
  Il2CppTypeDefinitions.c
  Il2CppInvokerTable.cpp
  Generics48.cpp
  Microsoft.MixedReality.Toolkit.SDK2.cpp
  Microsoft.MixedReality.Toolkit.SDK3.cpp
  Unity.TextMeshPro.cpp
  Il2CppGenericInstDefinitions.c
  Il2CppAttributes.cpp
  Microsoft.MixedReality.Toolkit.Services.InputSystem.cpp
  Generics9.cpp
  Generics3.cpp
  mscorlib12.cpp
  Generics2.cpp
  mscorlib6.cpp
  UnityEngine.UI1.cpp
  Generics4.cpp
  Microsoft.MixedReality.Toolkit.cpp
  GenericMethods6.cpp
  Microsoft.MixedReality.Toolkit.SDK.cpp
  Unity.TextMeshPro2.cpp
  mscorlib5.cpp
  Assembly-CSharp.cpp
  Microsoft.MixedReality.Toolkit1.cpp
  Generics55.cpp
  Unity.TextMeshPro1.cpp
  GenericMethods2.cpp
  Microsoft.MixedReality.Toolkit3.cpp
  GenericMethods9.cpp
  UnityEngine.UI.cpp
  mscorlib8.cpp
  mscorlib17.cpp
  System3.cpp
  Generics22.cpp
  mscorlib15.cpp
  Microsoft.MixedReality.Toolkit2.cpp
  Il2CppComCallableWrappers11.cpp
  GenericMethods4.cpp
  System.cpp
  mscorlib20.cpp
  mscorlib9.cpp
  Il2CppComCallableWrappers1.cpp
  mscorlib13.cpp
  mscorlib3.cpp
  Microsoft.MixedReality.Toolkit4.cpp
  mscorlib2.cpp
  mscorlib1.cpp
  Il2CppComCallableWrappers12.cpp
  System2.cpp
  mscorlib.cpp
  Unity.TextMeshPro3.cpp
  mscorlib14.cpp
  System1.cpp
  Generics1.cpp
  Generics56.cpp
  GenericMethods7.cpp
  GenericMethods.cpp
  mscorlib18.cpp
  Microsoft.MixedReality.Toolkit.Providers.WindowsMixedReality.cpp
  UnityEngine.CoreModule.cpp
  mscorlib21.cpp
  Generics50.cpp
  Generics28.cpp
  Generics47.cpp
  UnityEngine.CoreModule1.cpp
  mscorlib11.cpp
  UnityEngine.UI2.cpp
  Generics39.cpp
  Generics10.cpp
  Il2CppComCallableWrappers.cpp
  mscorlib16.cpp
  System4.cpp
  Generics40.cpp
  Il2CppComCallableWrappers29.cpp
  Generics11.cpp
  mscorlib7.cpp
  mscorlib19.cpp
  Generics49.cpp
  Il2CppComCallableWrappers25.cpp
  Il2CppComCallableWrappers20.cpp
  Il2CppComCallableWrappers10.cpp
  Il2CppComCallableWrappers28.cpp
  mscorlib10.cpp
  Il2CppComCallableWrappers26.cpp
  mscorlib4.cpp
  Il2CppComCallableWrappers23.cpp
  UnresolvedVirtualCallStubs.cpp
  Generics27.cpp
  Il2CppComCallableWrappers19.cpp
  Generics58.cpp
  Generics57.cpp
  Unity.TextMeshPro4.cpp
  websocket-sharp.cpp
  Il2CppComCallableWrappers24.cpp
  System5.cpp
  Generics26.cpp
  Generics38.cpp
  Il2CppComCallableWrappers16.cpp
  Il2CppComCallableWrappers31.cpp
  Il2CppComCallableWrappers17.cpp
  Il2CppComCallableWrappers22.cpp
  Il2CppComCallableWrappers30.cpp
  Il2CppComCallableWrappers27.cpp
  Il2CppComCallableWrappers13.cpp
  Il2CppComCallableWrappers15.cpp
  Il2CppComCallableWrappers2.cpp
  Generics21.cpp
  Microsoft.MixedReality.Toolkit.SDK4.cpp
  Il2CppComCallableWrappers18.cpp
  Generics35.cpp
  Il2CppComCallableWrappers6.cpp
  Il2CppComCallableWrappers21.cpp
  Generics44.cpp
  Generics54.cpp
  Generics51.cpp
  Il2CppComCallableWrappers7.cpp
  Il2CppComCallableWrappers5.cpp
  Generics42.cpp
  GenericMethods3.cpp
  Generics29.cpp
  Il2CppComCallableWrappers14.cpp
  Generics41.cpp
  Generics60.cpp
  Il2CppComCallableWrappers4.cpp
  Generics8.cpp
  Generics52.cpp
  Generics.cpp
  Il2CppComCallableWrappers9.cpp
  Generics59.cpp
  Mono.Security.cpp
  Generics14.cpp
  Generics33.cpp
  Generics34.cpp
  Generics12.cpp
  Generics46.cpp
  Generics53.cpp
  Generics61.cpp
  Generics15.cpp
  Generics45.cpp
  Generics43.cpp
  Generics5.cpp
  Generics19.cpp
  Microsoft.MixedReality.Toolkit.Gltf.cpp
  Generics13.cpp
  Assembly-CSharp1.cpp
  Generics37.cpp
  Generics23.cpp
  Generics16.cpp
  Il2CppComCallableWrappers3.cpp
  Generics30.cpp
  Generics20.cpp
  Il2CppProjectedComCallableWrapperMethods2.cpp
  Il2CppComCallableWrappers8.cpp
  Il2CppProjectedComCallableWrapperMethods1.cpp
  Il2CppProjectedComCallableWrapperMethods4.cpp
  Il2CppProjectedComCallableWrapperMethods3.cpp
  Il2CppProjectedComCallableWrapperMethods.cpp
  Generics17.cpp
  Generics18.cpp
  Generics32.cpp
  Generics25.cpp
  Generics31.cpp
  Generics24.cpp
  I18N.Rare.cpp
  Generics7.cpp
  UnityEngine.VRModule.cpp
  Generics6.cpp
  UnityEngine.CoreModule2.cpp
  Generics62.cpp
  System_CodeGen.c
  Microsoft.MixedReality.Toolkit.Services.SceneSystem.cpp
  Microsoft.MixedReality.Toolkit_CodeGen.c
  Il2CppGenericComDefinitions.cpp
  Microsoft.MixedReality.Toolkit.SDK_CodeGen.c
  Generics36.cpp
  UnityEngine.UI3.cpp
  Il2CppProjectedComCallableWrapperMethods5.cpp
  UnityEngine.CoreModule_CodeGen.c
  Il2CppCompilerCalculateTypeValuesTable.cpp
  UnityEngine.IMGUIModule.cpp
  WindowsRuntimeMetadata.cpp
  Microsoft.MixedReality.Toolkit.Services.InputAnimation.cpp
  Microsoft.MixedReality.Toolkit.Services.DiagnosticsSystem.cpp
  I18N.West.cpp
  I18N.CJK.cpp
  Microsoft.MixedReality.Toolkit.Services.InputSimulation.cpp
  I18N.Rare1.cpp
  Il2CppComCallableWrappers32.cpp
  UnityEngine.AndroidJNIModule.cpp
  UnityEngine.UI_CodeGen.c
  UnityEngine.XRModule.cpp
  Unity.TextMeshPro_CodeGen.c
  UnityEngine.UnityWebRequestModule.cpp
  I18N.cpp
  Microsoft.MixedReality.Toolkit.Providers.WindowsVoiceInput.cpp
  System6.cpp
  char-conversions.cpp
  UnityEngine.ParticleSystemModule.cpp
  Microsoft.MixedReality.Toolkit.Services.BoundarySystem.cpp
  mscorlib22.cpp
  Microsoft.MixedReality.Toolkit.Async.cpp
  UnityEngine.TextCoreModule.cpp
  I18N.Other.cpp
  Assembly-CSharp_CodeGen.c
  Microsoft.MixedReality.Toolkit.Services.InputSystem1.cpp
  UnityEngine.TerrainModule.cpp
  I18N.MidEast.cpp
  UnityEngine.AnimationModule.cpp
  UnityEngine.PhysicsModule.cpp
  UnityEngine.TextRenderingModule.cpp
  UnityEngine.Physics2DModule.cpp
  System.Runtime.WindowsRuntime.cpp
  UnityEngine.UIModule.cpp
  System.Numerics.cpp
  Microsoft.MixedReality.Toolkit.Services.InputSystem_CodeGen.c
  websocket-sharp_CodeGen.c
  UnityEngine.VRModule_CodeGen.c
  Microsoft.MixedReality.Toolkit.Services.TeleportSystem.cpp
  System.Core.cpp
  WindowsRuntimeMetadata_CodeGen.c
  UnityEngine.SharedInternalsModule.cpp
  Mono.Security_CodeGen.c
  UnityEngine.InputLegacyModule.cpp
  Microsoft.MixedReality.Toolkit.Services.SpatialAwarenessSystem.cpp
  Microsoft.MixedReality.Toolkit.Providers.WindowsMixedReality_CodeGen.c
  System.Xml.cpp
  UnityEngine.AudioModule.cpp
  Microsoft.MixedReality.Toolkit.Services.CameraSystem.cpp
  deflate.c
  I18N.Rare_CodeGen.c
  UnityEngine.UIElementsModule.cpp
  UnityEngine.AndroidJNIModule_CodeGen.c
  System.Core_CodeGen.c
  UnityEngine.TilemapModule.cpp
  UnityEngine.UnityAnalyticsModule.cpp
  UnityEngine.VideoModule.cpp
  I18N.CJK_CodeGen.c
  Microsoft.MixedReality.Toolkit.Gltf_CodeGen.c
  System.Configuration.cpp
  UnityEngine.IMGUIModule_CodeGen.c
  inflate.c
  UnityEngine.VFXModule.cpp
  UnityEngine.ParticleSystemModule_CodeGen.c
  Microsoft.MixedReality.Toolkit.Services.SceneSystem_CodeGen.c
  Microsoft.MixedReality.Toolkit.Services.InputAnimation_CodeGen.c
  Microsoft.MixedReality.Toolkit.Services.InputSimulation_CodeGen.c
  UnityEngine.PhysicsModule_CodeGen.c
  trees.c
  UnityEngine.InputModule.cpp
  UnityEngine.XRModule_CodeGen.c
  Microsoft.MixedReality.Toolkit.Async_CodeGen.c
  UnityEngine.UnityWebRequestModule_CodeGen.c
  UnityEngine.TextCoreModule_CodeGen.c
  Microsoft.MixedReality.Toolkit.Services.DiagnosticsSystem_CodeGen.c
  UnityEngine.JSONSerializeModule.cpp
  xamarin_getifaddrs.c
  I18N_CodeGen.c
  UnityEngine.AssetBundleModule.cpp
  UnityEngine.UIModule_CodeGen.c
  UnityEngine.AnimationModule_CodeGen.c
  System.Runtime.WindowsRuntime.UI.Xaml.cpp
  System.Runtime.WindowsRuntime_CodeGen.c
  I18N.West_CodeGen.c
  I18N.Other_CodeGen.c
  Microsoft.MixedReality.Toolkit.Services.BoundarySystem_CodeGen.c
  infback.c
  Microsoft.MixedReality.Toolkit.Providers.WindowsVoiceInput_CodeGen.c
  gzread.c
  UnityEngine.AIModule.cpp
  UnityEngine.AudioModule_CodeGen.c
  gzwrite.c
  UnityEngine.TextRenderingModule_CodeGen.c
  UnityEngine.SharedInternalsModule_CodeGen.c
  UnityEngine.DirectorModule.cpp
  gzlib.c
  UnityEngine.TerrainModule_CodeGen.c
  crc32.c
  UnityEngine.Physics2DModule_CodeGen.c
  il2cpp-api.cpp
  inftrees.c
  UnityEngine.InputLegacyModule_CodeGen.c
  System.Numerics_CodeGen.c
  UnityEngine.TilemapModule_CodeGen.c
  Microsoft.MixedReality.Toolkit.Services.SpatialAwarenessSystem_CodeGen.c
  I18N.MidEast_CodeGen.c
  Microsoft.MixedReality.Toolkit.Services.TeleportSystem_CodeGen.c
  inffast.c
  UnityEngine.VideoModule_CodeGen.c
  System.Xml_CodeGen.c
  zutil.c
  Il2CppReversePInvokeWrapperTable.cpp
  UnityEngine.ImageConversionModule.cpp
  Il2CppCodeRegistration.cpp
  UnityEngine.UIElementsModule_CodeGen.c
  System.Configuration_CodeGen.c
  UnityEngine.InputModule_CodeGen.c
  UnityEngine.UnityAnalyticsModule_CodeGen.c
  UnityEngine.VFXModule_CodeGen.c
  Microsoft.MixedReality.Toolkit.Services.CameraSystem_CodeGen.c
  adler32.c
  UnityEngine.GridModule.cpp
  compress.c
  uncompr.c
  System.Runtime.WindowsRuntime.UI.Xaml_CodeGen.c
  UnityEngine.DirectorModule_CodeGen.c
  UnityEngine.JSONSerializeModule_CodeGen.c
  UnityEngine.AIModule_CodeGen.c
  UnityAdsStubs.cpp
  krait_signal_handler.c
  UnityEngine.ImageConversionModule_CodeGen.c
  UnityEngine.AssetBundleModule_CodeGen.c
  Il2CppMetadataRegistration.c
  System.Runtime.cpp
  System.Numerics.Vectors.cpp
  System.ObjectModel.cpp
  UnityEngine.GridModule_CodeGen.c
  gzclose.c
  UnityEngine.cpp
  System.Runtime.InteropServices.WindowsRuntime.cpp
  il2cpp-benchmark-support.cpp
  System.Numerics.Vectors_CodeGen.c
  System.Runtime.InteropServices.WindowsRuntime_CodeGen.c
  System.ObjectModel_CodeGen.c
  UnityEngine_CodeGen.c
  Lump_libil2cpp_metadata.cpp
  System.Runtime_CodeGen.c
  Lump_libil2cpp_utils.cpp
  Lump_libil2cpp_vm-utils.cpp
  Lump_libil2cpp_debugger.cpp
  il2cpp-runtime-stats.cpp
  Lump_libil2cpp_mono-runtime.cpp
  Lump_libil2cpp_gc.cpp
  Lump_libil2cpp_codegen.cpp
  Lump_libil2cpp_mono.cpp
  Lump_libil2cpp_icalls.cpp
  Lump_libil2cpp_vm.cpp
  gc.c
  Lump_libil2cpp_os.cpp
  ObjectFiles: 351 of which compiled: 351
  	Time Compile: 48202 milliseconds Unity.TextMeshPro3.cpp
  	Time Compile: 42066 milliseconds Unity.TextMeshPro4.cpp
  	Time Compile: 29761 milliseconds mscorlib7.cpp
  	Time Compile: 27959 milliseconds Unity.TextMeshPro2.cpp
  	Time Compile: 25278 milliseconds Lump_libil2cpp_os.cpp
  	Time Compile: 24095 milliseconds Il2CppComCallableWrappers21.cpp
  	Time Compile: 22893 milliseconds Il2CppComCallableWrappers16.cpp
  	Time Compile: 21919 milliseconds Il2CppComCallableWrappers26.cpp
  	Time Compile: 21332 milliseconds Il2CppComCallableWrappers29.cpp
  	Time Compile: 21282 milliseconds Il2CppComCallableWrappers27.cpp
  Total compilation time: 218121 milliseconds.
  Creating library C:\Users\biosim\Documents\ISAACS Fall 2019\Rad_Viz\Withgameobject\build\obj\il2cppOutputProject\Win32\Release\linkresult_21D5D3FED75848F0390C5FE08B2E5415\GameAssembly.lib and object C:\Users\biosim\Documents\ISAACS Fall 2019\Rad_Viz\Withgameobject\build\obj\il2cppOutputProject\Win32\Release\linkresult_21D5D3FED75848F0390C5FE08B2E5415\GameAssembly.exp
  Total link time: 11135 milliseconds.
  Cleaned up 2 object files.
